<?xml version="1.0" encoding="UTF-8"?>
<testng-results ignored="0" total="1" passed="1" failed="0" skipped="0">
  <reporter-output>
  </reporter-output>
  <suite started-at="2022-09-15T18:31:30 IST" name="Default suite" finished-at="2022-09-15T18:31:30 IST" duration-ms="309">
    <groups>
      <group name="cucumber">
        <method signature="AbstractTestNGCucumberTests.runScenario(io.cucumber.testng.PickleWrapper,io.cucumber.testng.FeatureWrapper)[pri:0, instance:cucumber.Options.TestRunnerClass@303cf2ba]" name="runScenario" class="io.cucumber.testng.AbstractTestNGCucumberTests"/>
      </group> <!-- cucumber -->
    </groups>
    <test started-at="2022-09-15T18:31:30 IST" name="Default test" finished-at="2022-09-15T18:31:30 IST" duration-ms="309">
      <class name="cucumber.Options.TestRunnerClass">
        <test-method is-config="true" signature="setUpClass(org.testng.ITestContext)[pri:0, instance:cucumber.Options.TestRunnerClass@303cf2ba]" started-at="2022-09-15T18:31:30 IST" name="setUpClass" finished-at="2022-09-15T18:31:30 IST" duration-ms="204" status="PASS">
          <params>
            <param index="0">
              <value>
                <![CDATA[org.testng.TestRunner@4f071df8]]>
              </value>
            </param>
          </params>
          <reporter-output>
          </reporter-output>
        </test-method> <!-- setUpClass -->
        <test-method signature="runScenario(io.cucumber.testng.PickleWrapper,io.cucumber.testng.FeatureWrapper)[pri:0, instance:cucumber.Options.TestRunnerClass@303cf2ba]" started-at="2022-09-15T18:31:30 IST" name="runScenario" description="Runs Cucumber Scenarios" data-provider="scenarios" finished-at="2022-09-15T18:31:30 IST" duration-ms="52" status="PASS">
          <params>
            <param index="0">
              <value>
                <![CDATA["Verify place is added successfully"]]>
              </value>
            </param>
            <param index="1">
              <value>
                <![CDATA["Validate add place API"]]>
              </value>
            </param>
          </params>
          <reporter-output>
          </reporter-output>
        </test-method> <!-- runScenario -->
        <test-method is-config="true" signature="tearDownClass()[pri:0, instance:cucumber.Options.TestRunnerClass@303cf2ba]" started-at="2022-09-15T18:31:30 IST" name="tearDownClass" finished-at="2022-09-15T18:31:30 IST" duration-ms="8" status="PASS">
          <reporter-output>
          </reporter-output>
        </test-method> <!-- tearDownClass -->
      </class> <!-- cucumber.Options.TestRunnerClass -->
    </test> <!-- Default test -->
  </suite> <!-- Default suite -->
</testng-results>
